Build started 28/09/2014 07:52:51.
     1>Project "D:\libs\demo_ASIFT_src\Build\libNumerics\Numerics.vcxproj" on node 4 (Build target(s)).
     1>CustomBuild:
         Building Custom Rule D:/libs/demo_ASIFT_src/libNumerics/CMakeLists.txt
         CMake does not need to re-run because D:\libs\demo_ASIFT_src\Build\libNumerics\CMakeFiles\generate.stamp is up-to-date.
       ClCompile:
         C:\Program Files (x86)\Microsoft Visual Studio 12.0\VC\bin\x86_amd64\CL.exe /c /ID:\libs\demo_ASIFT_src\libNumerics\.. /Zi /nologo /W3 /WX- /Od /Ob0 /D WIN32 /D _WINDOWS /D _DEBUG /D "CMAKE_INTDIR=\"Debug\"" /D _MBCS /Gm- /EHsc /RTC1 /MDd /GS /fp:precise /Zc:wchar_t /Zc:forScope /GR /Fo"Numerics.dir\Debug\\" /Fd"Numerics.dir\Debug\vc120.pdb" /Gd /TP /errorReport:prompt ..\..\libNumerics\computeH.cpp ..\..\libNumerics\homography.cpp ..\..\libNumerics\matrix.cpp ..\..\libNumerics\numerics.cpp ..\..\libNumerics\rodrigues.cpp ..\..\libNumerics\vector.cpp
         computeH.cpp
     1>d:\libs\demo_asift_src\libnumerics\matrix.h(132): warning C4522: 'libNumerics::vector<T>' : multiple assignment operators specified
                 with
                 [
                     T=double
                 ]
                 d:\libs\demo_asift_src\libnumerics\numerics.h(32) : see reference to class template instantiation 'libNumerics::vector<T>' being compiled
                 with
                 [
                     T=double
                 ]
         homography.cpp
     1>d:\libs\demo_asift_src\libnumerics\matrix.h(132): warning C4522: 'libNumerics::vector<T>' : multiple assignment operators specified
                 with
                 [
                     T=double
                 ]
                 ..\..\libNumerics\homography.cpp(39) : see reference to class template instantiation 'libNumerics::vector<T>' being compiled
                 with
                 [
                     T=double
                 ]
         matrix.cpp
         numerics.cpp
     1>d:\libs\demo_asift_src\libnumerics\matrix.h(132): warning C4522: 'libNumerics::vector<libNumerics::flnum>' : multiple assignment operators specified
                 d:\libs\demo_asift_src\libnumerics\numerics.h(32) : see reference to class template instantiation 'libNumerics::vector<libNumerics::flnum>' being compiled
     1>..\..\libNumerics\numerics.cpp(404): warning C4267: 'argument' : conversion from 'size_t' to 'int', possible loss of data
         rodrigues.cpp
         vector.cpp
         Generating Code...
       Lib:
         C:\Program Files (x86)\Microsoft Visual Studio 12.0\VC\bin\x86_amd64\Lib.exe /OUT:"D:\libs\demo_ASIFT_src\Build\libNumerics\Debug\Numerics.lib" /NOLOGO /MACHINE:X64 Numerics.dir\Debug\computeH.obj
         Numerics.dir\Debug\homography.obj
         Numerics.dir\Debug\matrix.obj
         Numerics.dir\Debug\numerics.obj
         Numerics.dir\Debug\rodrigues.obj
         Numerics.dir\Debug\vector.obj
         Numerics.vcxproj -> D:\libs\demo_ASIFT_src\Build\libNumerics\Debug\Numerics.lib
     1>Done Building Project "D:\libs\demo_ASIFT_src\Build\libNumerics\Numerics.vcxproj" (Build target(s)).

Build succeeded.

Time Elapsed 00:00:04.40
