Build started 28/09/2014 07:58:16.
     1>Project "D:\libs\demo_ASIFT_src\Build\demo_ASIFT.vcxproj" on node 2 (Build target(s)).
     1>ClCompile:
         C:\Program Files (x86)\Microsoft Visual Studio 12.0\VC\bin\x86_amd64\CL.exe /c /ID:\libs\demo_ASIFT_src\. /ID:\libs\demo_ASIFT_src\.\io_png /ID:\libs\demo_ASIFT_src\.\io_png\libs\png /nologo /W3 /WX- /O2 /Ob2 /D WIN32 /D _WINDOWS /D NDEBUG /D "CMAKE_INTDIR=\"Release\"" /D _MBCS /Gm- /EHsc /MD /GS /arch:SSE2 /fp:precise /Zc:wchar_t /Zc:forScope /GR /openmp /Fo"demo_ASIFT.dir\Release\\" /Fd"demo_ASIFT.dir\Release\vc120.pdb" /Gd /TP /errorReport:prompt ..\my_asift.cpp
     1>cl : Command line warning D9002: ignoring unknown option '/arch:SSE2'
         my_asift.cpp
     1>..\my_asift.cpp(128): warning C4305: 'initializing' : truncation from 'double' to 'float'
     1>..\my_asift.cpp(145): warning C4244: 'initializing' : conversion from 'int' to 'float', possible loss of data
     1>..\my_asift.cpp(156): warning C4244: 'initializing' : conversion from 'int' to 'float', possible loss of data
     1>..\my_asift.cpp(159): warning C4244: 'initializing' : conversion from 'int' to 'float', possible loss of data
     1>..\my_asift.cpp(176): warning C4244: 'initializing' : conversion from 'int' to 'float', possible loss of data
     1>..\my_asift.cpp(185): warning C4244: '=' : conversion from 'int' to 'float', possible loss of data
     1>..\my_asift.cpp(186): warning C4244: '=' : conversion from 'int' to 'float', possible loss of data
         C:\Program Files (x86)\Microsoft Visual Studio 12.0\VC\bin\x86_amd64\CL.exe /c /ID:\libs\demo_ASIFT_src\. /ID:\libs\demo_ASIFT_src\.\io_png /ID:\libs\demo_ASIFT_src\.\io_png\libs\png /nologo /W3 /WX- /O2 /Ob2 /D WIN32 /D _WINDOWS /D NDEBUG /D "CMAKE_INTDIR=\"Release\"" /D _MBCS /Gm- /EHsc /MD /GS /arch:SSE2 /fp:precise /Zc:wchar_t /Zc:forScope /GR /openmp /Fo"demo_ASIFT.dir\Release\\" /Fd"demo_ASIFT.dir\Release\vc120.pdb" /Gd /TC /errorReport:prompt ..\io_png\io_png.c
     1>cl : Command line warning D9002: ignoring unknown option '/arch:SSE2'
         io_png.c
     1>..\io_png\io_png.c(146): warning C4996: 'fopen': This function or variable may be unsafe. Consider using fopen_s instead. To disable deprecation, use _CRT_SECURE_NO_WARNINGS. See online help for details.
                 C:\Program Files (x86)\Microsoft Visual Studio 12.0\VC\include\stdio.h(211) : see declaration of 'fopen'
     1>..\io_png\io_png.c(547): warning C4996: 'fopen': This function or variable may be unsafe. Consider using fopen_s instead. To disable deprecation, use _CRT_SECURE_NO_WARNINGS. See online help for details.
                 C:\Program Files (x86)\Microsoft Visual Studio 12.0\VC\include\stdio.h(211) : see declaration of 'fopen'
     1>..\io_png\io_png.c(650): warning C4244: '=' : conversion from 'double' to 'float', possible loss of data
       Lib:
         C:\Program Files (x86)\Microsoft Visual Studio 12.0\VC\bin\x86_amd64\Lib.exe /OUT:"D:\libs\demo_ASIFT_src\Build\Release\demo_ASIFT.lib" /NOLOGO /MACHINE:X64 demo_ASIFT.dir\Release\my_asift.obj
         demo_ASIFT.dir\Release\numerics1.obj
         demo_ASIFT.dir\Release\frot.obj
         demo_ASIFT.dir\Release\splines.obj
         demo_ASIFT.dir\Release\fproj.obj
         demo_ASIFT.dir\Release\library.obj
         demo_ASIFT.dir\Release\flimage.obj
         demo_ASIFT.dir\Release\filter.obj
         demo_ASIFT.dir\Release\demo_lib_sift.obj
         demo_ASIFT.dir\Release\compute_asift_keypoints.obj
         demo_ASIFT.dir\Release\compute_asift_matches.obj
         demo_ASIFT.dir\Release\orsa.obj
         demo_ASIFT.dir\Release\demo_ASIFT.obj
         demo_ASIFT.dir\Release\io_png.obj
         demo_ASIFT.vcxproj -> D:\libs\demo_ASIFT_src\Build\Release\demo_ASIFT.lib
     1>Done Building Project "D:\libs\demo_ASIFT_src\Build\demo_ASIFT.vcxproj" (Build target(s)).

Build succeeded.

Time Elapsed 00:00:03.10
