Build started 25/09/2014 15:01:39.
     1>Project "C:\Users\Mateus\Desktop\demo_ASIFT_src\Build\libNumerics\Numerics.vcxproj" on node 4 (Build target(s)).
     1>CustomBuild:
         Building Custom Rule C:/Users/Mateus/Desktop/demo_ASIFT_src/libNumerics/CMakeLists.txt
         CMake does not need to re-run because C:\Users\Mateus\Desktop\demo_ASIFT_src\Build\libNumerics\CMakeFiles\generate.stamp is up-to-date.
       ClCompile:
         C:\Program Files (x86)\Microsoft Visual Studio 12.0\VC\bin\x86_amd64\CL.exe /c /IC:\Users\Mateus\Desktop\demo_ASIFT_src\libNumerics\.. /nologo /W3 /WX- /O2 /Ob2 /D WIN32 /D _WINDOWS /D NDEBUG /D "CMAKE_INTDIR=\"Release\"" /D _MBCS /Gm- /EHsc /MD /GS /fp:precise /Zc:wchar_t /Zc:forScope /GR /Fo"Numerics.dir\Release\\" /Fd"Numerics.dir\Release\vc120.pdb" /Gd /TP /errorReport:prompt ..\..\libNumerics\computeH.cpp ..\..\libNumerics\homography.cpp ..\..\libNumerics\matrix.cpp ..\..\libNumerics\numerics.cpp ..\..\libNumerics\rodrigues.cpp ..\..\libNumerics\vector.cpp
         computeH.cpp
     1>c:\users\mateus\desktop\demo_asift_src\libnumerics\matrix.h(132): warning C4522: 'libNumerics::vector<T>' : multiple assignment operators specified
                 with
                 [
                     T=double
                 ]
                 c:\users\mateus\desktop\demo_asift_src\libnumerics\numerics.h(32) : see reference to class template instantiation 'libNumerics::vector<T>' being compiled
                 with
                 [
                     T=double
                 ]
         homography.cpp
     1>c:\users\mateus\desktop\demo_asift_src\libnumerics\matrix.h(132): warning C4522: 'libNumerics::vector<T>' : multiple assignment operators specified
                 with
                 [
                     T=double
                 ]
                 ..\..\libNumerics\homography.cpp(39) : see reference to class template instantiation 'libNumerics::vector<T>' being compiled
                 with
                 [
                     T=double
                 ]
         matrix.cpp
         numerics.cpp
     1>c:\users\mateus\desktop\demo_asift_src\libnumerics\matrix.h(132): warning C4522: 'libNumerics::vector<libNumerics::flnum>' : multiple assignment operators specified
                 c:\users\mateus\desktop\demo_asift_src\libnumerics\numerics.h(32) : see reference to class template instantiation 'libNumerics::vector<libNumerics::flnum>' being compiled
     1>..\..\libNumerics\numerics.cpp(404): warning C4267: 'argument' : conversion from 'size_t' to 'int', possible loss of data
         rodrigues.cpp
         vector.cpp
         Generating Code...
       Lib:
         C:\Program Files (x86)\Microsoft Visual Studio 12.0\VC\bin\x86_amd64\Lib.exe /OUT:"C:\Users\Mateus\Desktop\demo_ASIFT_src\Build\libNumerics\Release\Numerics.lib" /NOLOGO /MACHINE:X64 Numerics.dir\Release\computeH.obj
         Numerics.dir\Release\homography.obj
         Numerics.dir\Release\matrix.obj
         Numerics.dir\Release\numerics.obj
         Numerics.dir\Release\rodrigues.obj
         Numerics.dir\Release\vector.obj
         Numerics.vcxproj -> C:\Users\Mateus\Desktop\demo_ASIFT_src\Build\libNumerics\Release\Numerics.lib
     1>Done Building Project "C:\Users\Mateus\Desktop\demo_ASIFT_src\Build\libNumerics\Numerics.vcxproj" (Build target(s)).

Build succeeded.

Time Elapsed 00:00:05.40
