Build started 25/09/2014 15:01:43.
     1>Project "C:\Users\Mateus\Desktop\demo_ASIFT_src\Build\io_png\libs\png\png.vcxproj" on node 3 (Build target(s)).
     1>CustomBuild:
         Building Custom Rule C:/Users/Mateus/Desktop/demo_ASIFT_src/io_png/libs/png/CMakeLists.txt
         CMake does not need to re-run because C:\Users\Mateus\Desktop\demo_ASIFT_src\Build\io_png\libs\png\CMakeFiles\generate.stamp is up-to-date.
       ClCompile:
         C:\Program Files (x86)\Microsoft Visual Studio 12.0\VC\bin\x86_amd64\CL.exe /c /IC:\Users\Mateus\Desktop\demo_ASIFT_src\io_png\libs\png\..\zlib /nologo /W3 /WX- /O2 /Ob2 /D WIN32 /D _WINDOWS /D NDEBUG /D PNG_STATIC /D "CMAKE_INTDIR=\"Release\"" /D _MBCS /Gm- /MD /GS /fp:precise /Zc:wchar_t /Zc:forScope /Fo"png.dir\Release\\" /Fd"png.dir\Release\vc120.pdb" /Gd /TC /errorReport:prompt ..\..\..\..\io_png\libs\png\pngget.c ..\..\..\..\io_png\libs\png\pngrio.c ..\..\..\..\io_png\libs\png\pngwrite.c ..\..\..\..\io_png\libs\png\png.c ..\..\..\..\io_png\libs\png\pngmem.c ..\..\..\..\io_png\libs\png\pngrtran.c ..\..\..\..\io_png\libs\png\pngtrans.c ..\..\..\..\io_png\libs\png\pngwtran.c ..\..\..\..\io_png\libs\png\pngerror.c ..\..\..\..\io_png\libs\png\pngpread.c ..\..\..\..\io_png\libs\png\pngrutil.c ..\..\..\..\io_png\libs\png\pngvcrd.c ..\..\..\..\io_png\libs\png\pngwutil.c ..\..\..\..\io_png\libs\png\pnggccrd.c ..\..\..\..\io_png\libs\png\pngread.c ..\..\..\..\io_png\libs\png\pngset.c ..\..\..\..\io_png\libs\png\pngwio.c
         pngget.c
         pngrio.c
         pngwrite.c
     1>..\..\..\..\io_png\libs\png\pngwrite.c(441): warning C4996: 'gmtime': This function or variable may be unsafe. Consider using gmtime_s instead. To disable deprecation, use _CRT_SECURE_NO_WARNINGS. See online help for details.
                 C:\Program Files (x86)\Microsoft Visual Studio 12.0\VC\include\time.inl(99) : see declaration of 'gmtime'
     1>..\..\..\..\io_png\libs\png\pngwrite.c(539): warning C4996: '_snprintf': This function or variable may be unsafe. Consider using _snprintf_s instead. To disable deprecation, use _CRT_SECURE_NO_WARNINGS. See online help for details.
                 C:\Program Files (x86)\Microsoft Visual Studio 12.0\VC\include\stdio.h(346) : see declaration of '_snprintf'
     1>..\..\..\..\io_png\libs\png\pngwrite.c(544): warning C4996: '_snprintf': This function or variable may be unsafe. Consider using _snprintf_s instead. To disable deprecation, use _CRT_SECURE_NO_WARNINGS. See online help for details.
                 C:\Program Files (x86)\Microsoft Visual Studio 12.0\VC\include\stdio.h(346) : see declaration of '_snprintf'
     1>..\..\..\..\io_png\libs\png\pngwrite.c(611): warning C4996: '_snprintf': This function or variable may be unsafe. Consider using _snprintf_s instead. To disable deprecation, use _CRT_SECURE_NO_WARNINGS. See online help for details.
                 C:\Program Files (x86)\Microsoft Visual Studio 12.0\VC\include\stdio.h(346) : see declaration of '_snprintf'
     1>..\..\..\..\io_png\libs\png\pngwrite.c(616): warning C4996: '_snprintf': This function or variable may be unsafe. Consider using _snprintf_s instead. To disable deprecation, use _CRT_SECURE_NO_WARNINGS. See online help for details.
                 C:\Program Files (x86)\Microsoft Visual Studio 12.0\VC\include\stdio.h(346) : see declaration of '_snprintf'
         png.c
     1>..\..\..\..\io_png\libs\png\png.c(692): warning C4996: '_snprintf': This function or variable may be unsafe. Consider using _snprintf_s instead. To disable deprecation, use _CRT_SECURE_NO_WARNINGS. See online help for details.
                 C:\Program Files (x86)\Microsoft Visual Studio 12.0\VC\include\stdio.h(346) : see declaration of '_snprintf'
         pngmem.c
         pngrtran.c
     1>..\..\..\..\io_png\libs\png\pngrtran.c(1312): warning C4996: '_snprintf': This function or variable may be unsafe. Consider using _snprintf_s instead. To disable deprecation, use _CRT_SECURE_NO_WARNINGS. See online help for details.
                 C:\Program Files (x86)\Microsoft Visual Studio 12.0\VC\include\stdio.h(346) : see declaration of '_snprintf'
         pngtrans.c
         pngwtran.c
         pngerror.c
         pngpread.c
     1>..\..\..\..\io_png\libs\png\pngpread.c(589): warning C4267: '-=' : conversion from 'size_t' to 'png_uint_32', possible loss of data
     1>..\..\..\..\io_png\libs\png\pngpread.c(605): warning C4267: '-=' : conversion from 'size_t' to 'png_uint_32', possible loss of data
     1>..\..\..\..\io_png\libs\png\pngpread.c(777): warning C4267: '-=' : conversion from 'size_t' to 'png_uint_32', possible loss of data
     1>..\..\..\..\io_png\libs\png\pngpread.c(801): warning C4267: '-=' : conversion from 'size_t' to 'png_uint_32', possible loss of data
     1>..\..\..\..\io_png\libs\png\pngpread.c(1391): warning C4267: 'function' : conversion from 'size_t' to 'png_uint_32', possible loss of data
         pngrutil.c
     1>..\..\..\..\io_png\libs\png\pngrutil.c(258): warning C4267: 'function' : conversion from 'size_t' to 'png_uint_32', possible loss of data
     1>..\..\..\..\io_png\libs\png\pngrutil.c(284): warning C4267: 'function' : conversion from 'size_t' to 'png_uint_32', possible loss of data
     1>..\..\..\..\io_png\libs\png\pngrutil.c(337): warning C4996: '_snprintf': This function or variable may be unsafe. Consider using _snprintf_s instead. To disable deprecation, use _CRT_SECURE_NO_WARNINGS. See online help for details.
                 C:\Program Files (x86)\Microsoft Visual Studio 12.0\VC\include\stdio.h(346) : see declaration of '_snprintf'
     1>..\..\..\..\io_png\libs\png\pngrutil.c(342): warning C4996: '_snprintf': This function or variable may be unsafe. Consider using _snprintf_s instead. To disable deprecation, use _CRT_SECURE_NO_WARNINGS. See online help for details.
                 C:\Program Files (x86)\Microsoft Visual Studio 12.0\VC\include\stdio.h(346) : see declaration of '_snprintf'
     1>..\..\..\..\io_png\libs\png\pngrutil.c(347): warning C4996: '_snprintf': This function or variable may be unsafe. Consider using _snprintf_s instead. To disable deprecation, use _CRT_SECURE_NO_WARNINGS. See online help for details.
                 C:\Program Files (x86)\Microsoft Visual Studio 12.0\VC\include\stdio.h(346) : see declaration of '_snprintf'
     1>..\..\..\..\io_png\libs\png\pngrutil.c(357): warning C4267: 'function' : conversion from 'size_t' to 'png_uint_32', possible loss of data
     1>..\..\..\..\io_png\libs\png\pngrutil.c(381): warning C4996: '_snprintf': This function or variable may be unsafe. Consider using _snprintf_s instead. To disable deprecation, use _CRT_SECURE_NO_WARNINGS. See online help for details.
                 C:\Program Files (x86)\Microsoft Visual Studio 12.0\VC\include\stdio.h(346) : see declaration of '_snprintf'
     1>..\..\..\..\io_png\libs\png\pngrutil.c(1085): warning C4267: '=' : conversion from 'size_t' to 'png_uint_32', possible loss of data
     1>..\..\..\..\io_png\libs\png\pngrutil.c(1184): warning C4267: '=' : conversion from 'size_t' to 'int', possible loss of data
     1>..\..\..\..\io_png\libs\png\pngrutil.c(3210): warning C4267: 'function' : conversion from 'size_t' to 'png_uint_32', possible loss of data
     1>..\..\..\..\io_png\libs\png\pngrutil.c(3214): warning C4267: '=' : conversion from 'size_t' to 'png_uint_32', possible loss of data
     1>..\..\..\..\io_png\libs\png\pngrutil.c(3229): warning C4267: 'function' : conversion from 'size_t' to 'png_uint_32', possible loss of data
     1>..\..\..\..\io_png\libs\png\pngrutil.c(3230): warning C4267: '=' : conversion from 'size_t' to 'png_uint_32', possible loss of data
     1>..\..\..\..\io_png\libs\png\pngrutil.c(3233): warning C4267: '=' : conversion from 'size_t' to 'png_uint_32', possible loss of data
         pngvcrd.c
         pngwutil.c
     1>..\..\..\..\io_png\libs\png\pngwutil.c(185): warning C4267: '=' : conversion from 'size_t' to 'int', possible loss of data
     1>..\..\..\..\io_png\libs\png\pngwutil.c(193): warning C4996: '_snprintf': This function or variable may be unsafe. Consider using _snprintf_s instead. To disable deprecation, use _CRT_SECURE_NO_WARNINGS. See online help for details.
                 C:\Program Files (x86)\Microsoft Visual Studio 12.0\VC\include\stdio.h(346) : see declaration of '_snprintf'
     1>..\..\..\..\io_png\libs\png\pngwutil.c(1233): warning C4996: '_snprintf': This function or variable may be unsafe. Consider using _snprintf_s instead. To disable deprecation, use _CRT_SECURE_NO_WARNINGS. See online help for details.
                 C:\Program Files (x86)\Microsoft Visual Studio 12.0\VC\include\stdio.h(346) : see declaration of '_snprintf'
     1>..\..\..\..\io_png\libs\png\pngwutil.c(1559): warning C4267: '=' : conversion from 'size_t' to 'png_uint_32', possible loss of data
     1>..\..\..\..\io_png\libs\png\pngwutil.c(1620): warning C4996: '_snprintf': This function or variable may be unsafe. Consider using _snprintf_s instead. To disable deprecation, use _CRT_SECURE_NO_WARNINGS. See online help for details.
                 C:\Program Files (x86)\Microsoft Visual Studio 12.0\VC\include\stdio.h(346) : see declaration of '_snprintf'
     1>..\..\..\..\io_png\libs\png\pngwutil.c(1622): warning C4996: '_snprintf': This function or variable may be unsafe. Consider using _snprintf_s instead. To disable deprecation, use _CRT_SECURE_NO_WARNINGS. See online help for details.
                 C:\Program Files (x86)\Microsoft Visual Studio 12.0\VC\include\stdio.h(346) : see declaration of '_snprintf'
         pnggccrd.c
         pngread.c
     1>..\..\..\..\io_png\libs\png\pngread.c(124): warning C4996: '_snprintf': This function or variable may be unsafe. Consider using _snprintf_s instead. To disable deprecation, use _CRT_SECURE_NO_WARNINGS. See online help for details.
                 C:\Program Files (x86)\Microsoft Visual Studio 12.0\VC\include\stdio.h(346) : see declaration of '_snprintf'
     1>..\..\..\..\io_png\libs\png\pngread.c(129): warning C4996: '_snprintf': This function or variable may be unsafe. Consider using _snprintf_s instead. To disable deprecation, use _CRT_SECURE_NO_WARNINGS. See online help for details.
                 C:\Program Files (x86)\Microsoft Visual Studio 12.0\VC\include\stdio.h(346) : see declaration of '_snprintf'
     1>..\..\..\..\io_png\libs\png\pngread.c(207): warning C4996: '_snprintf': This function or variable may be unsafe. Consider using _snprintf_s instead. To disable deprecation, use _CRT_SECURE_NO_WARNINGS. See online help for details.
                 C:\Program Files (x86)\Microsoft Visual Studio 12.0\VC\include\stdio.h(346) : see declaration of '_snprintf'
     1>..\..\..\..\io_png\libs\png\pngread.c(212): warning C4996: '_snprintf': This function or variable may be unsafe. Consider using _snprintf_s instead. To disable deprecation, use _CRT_SECURE_NO_WARNINGS. See online help for details.
                 C:\Program Files (x86)\Microsoft Visual Studio 12.0\VC\include\stdio.h(346) : see declaration of '_snprintf'
         pngset.c
     1>..\..\..\..\io_png\libs\png\pngset.c(351): warning C4267: '=' : conversion from 'size_t' to 'png_uint_32', possible loss of data
     1>..\..\..\..\io_png\libs\png\pngset.c(368): warning C4267: '=' : conversion from 'size_t' to 'png_uint_32', possible loss of data
     1>..\..\..\..\io_png\libs\png\pngset.c(391): warning C4267: '=' : conversion from 'size_t' to 'png_uint_32', possible loss of data
     1>..\..\..\..\io_png\libs\png\pngset.c(658): warning C4267: '=' : conversion from 'size_t' to 'png_uint_32', possible loss of data
     1>..\..\..\..\io_png\libs\png\pngset.c(973): warning C4267: '=' : conversion from 'size_t' to 'png_uint_32', possible loss of data
         pngwio.c
     1>..\..\..\..\io_png\libs\png\pngwio.c(56): warning C4267: '=' : conversion from 'size_t' to 'png_uint_32', possible loss of data
         Generating Code...
       Lib:
         C:\Program Files (x86)\Microsoft Visual Studio 12.0\VC\bin\x86_amd64\Lib.exe /OUT:"C:\Users\Mateus\Desktop\demo_ASIFT_src\Build\io_png\libs\png\Release\png.lib" /NOLOGO /MACHINE:X64 png.dir\Release\pngget.obj
         png.dir\Release\pngrio.obj
         png.dir\Release\pngwrite.obj
         png.dir\Release\png.obj
         png.dir\Release\pngmem.obj
         png.dir\Release\pngrtran.obj
         png.dir\Release\pngtrans.obj
         png.dir\Release\pngwtran.obj
         png.dir\Release\pngerror.obj
         png.dir\Release\pngpread.obj
         png.dir\Release\pngrutil.obj
         png.dir\Release\pngvcrd.obj
         png.dir\Release\pngwutil.obj
         png.dir\Release\pnggccrd.obj
         png.dir\Release\pngread.obj
         png.dir\Release\pngset.obj
         png.dir\Release\pngwio.obj
         png.vcxproj -> C:\Users\Mateus\Desktop\demo_ASIFT_src\Build\io_png\libs\png\Release\png.lib
     1>Done Building Project "C:\Users\Mateus\Desktop\demo_ASIFT_src\Build\io_png\libs\png\png.vcxproj" (Build target(s)).

Build succeeded.

Time Elapsed 00:00:04.13
